<?xml version="1.0" encoding="UTF-8"?>
<!-- Generated by org.testng.reporters.JUnitReportReporter -->
<testsuite hostname="WKSPUN05GTR0521" failures="0" tests="1" name="com.booksWagon.testNG.NewTest" time="45.331" errors="0" timestamp="2025-05-25T21:00:33 IST" skipped="0">
  <testcase classname="com.booksWagon.testNG.NewTest" name="f" time="45.331"/>
</testsuite> <!-- com.booksWagon.testNG.NewTest -->
