<?xml version="1.0" encoding="UTF-8"?>
<!-- Generated by org.testng.reporters.JUnitReportReporter -->
<testsuite hostname="WKSPUN05GTR0521" failures="0" tests="5" name="com.booksWagon.runners.TestRunner" time="97.227" errors="0" timestamp="2025-05-26T17:59:39 IST" skipped="0">
  <testcase classname="com.booksWagon.runners.TestRunner" name="runScenario" time="9.422"/>
  <testcase classname="com.booksWagon.runners.TestRunner" name="runScenario" time="13.022"/>
  <testcase classname="com.booksWagon.runners.TestRunner" name="runScenario" time="10.821"/>
  <testcase classname="com.booksWagon.runners.TestRunner" name="runScenario" time="50.666"/>
  <testcase classname="com.booksWagon.runners.TestRunner" name="runScenario" time="13.296"/>
</testsuite> <!-- com.booksWagon.runners.TestRunner -->
