<?xml version="1.0" encoding="UTF-8"?>
<!-- Generated by org.testng.reporters.JUnitReportReporter -->
<testsuite hostname="WKSPUN05GTR0521" failures="0" tests="1" name="com.booksWagon.pages.NewTest" time="38.391" errors="0" timestamp="2025-05-25T16:47:16 IST" skipped="0">
  <testcase classname="com.booksWagon.pages.NewTest" name="f" time="38.391"/>
</testsuite> <!-- com.booksWagon.pages.NewTest -->
